2021-09-13 16:58:37,084 INFO o.s.b.StartupInfoLogger [main] Starting TravelAgencyApplication using Java 11.0.12 on 5CD110DFVX with PID 23408 (C:\Users\mnilg\Work\MyProjects\travel_agency\travel\target\classes started by mnilg in C:\Users\mnilg\Work\MyProjects\travel_agency)
2021-09-13 16:58:37,095 DEBUG o.s.b.StartupInfoLogger [main] Running with Spring Boot v2.5.3, Spring v5.3.9
2021-09-13 16:58:37,096 INFO o.s.b.SpringApplication [main] No active profile set, falling back to default profiles: default
2021-09-13 16:58:37,998 INFO o.s.d.r.c.RepositoryConfigurationDelegate [main] Bootstrapping Spring Data JPA repositories in DEFAULT mode.
2021-09-13 16:58:38,123 INFO o.s.d.r.c.RepositoryConfigurationDelegate [main] Finished Spring Data repository scanning in 111 ms. Found 8 JPA repository interfaces.
2021-09-13 16:58:38,811 INFO o.s.b.w.e.t.TomcatWebServer [main] Tomcat initialized with port(s): 8081 (http)
2021-09-13 16:58:38,823 INFO o.a.j.l.DirectJDKLog [main] Initializing ProtocolHandler ["http-nio-8081"]
2021-09-13 16:58:38,824 INFO o.a.j.l.DirectJDKLog [main] Starting service [Tomcat]
2021-09-13 16:58:38,825 INFO o.a.j.l.DirectJDKLog [main] Starting Servlet engine: [Apache Tomcat/9.0.50]
2021-09-13 16:58:38,946 INFO o.a.j.l.DirectJDKLog [main] Initializing Spring embedded WebApplicationContext
2021-09-13 16:58:38,947 INFO o.s.b.w.s.c.ServletWebServerApplicationContext [main] Root WebApplicationContext: initialization completed in 1801 ms
2021-09-13 16:58:39,073 INFO c.z.h.HikariDataSource [main] HikariPool-1 - Starting...
2021-09-13 16:58:39,311 INFO c.z.h.HikariDataSource [main] HikariPool-1 - Start completed.
2021-09-13 16:58:40,109 INFO l.l.c.JavaLogger [main] Successfully acquired change log lock
2021-09-13 16:58:40,569 INFO l.l.c.JavaLogger [main] Creating database history table with name: public.databasechangelog
2021-09-13 16:58:40,579 INFO l.l.c.JavaLogger [main] Reading from public.databasechangelog
2021-09-13 16:58:40,659 INFO l.l.c.JavaLogger [main] Successfully released change log lock
2021-09-13 16:58:40,663 INFO l.l.c.JavaLogger [main] Successfully acquired change log lock
2021-09-13 16:58:40,664 WARN l.l.c.JavaLogger [main] Skipping auto-registration
2021-09-13 16:58:40,762 INFO l.l.c.JavaLogger [main] SQL in file database/R1/sql/initDB.sql executed
2021-09-13 16:58:40,764 INFO l.l.c.JavaLogger [main] ChangeSet database/R1/ddl.xml::init_database_schema::mnilga ran successfully in 96ms
2021-09-13 16:58:40,806 INFO l.l.c.JavaLogger [main] SQL in file database/R1/sql/populateDB.sql executed
2021-09-13 16:58:40,807 INFO l.l.c.JavaLogger [main] ChangeSet database/R1/dml.xml::populate_database::mnilga ran successfully in 38ms
2021-09-13 16:58:41,219 INFO l.l.c.JavaLogger [main] SQL in file database/R2/generatedData/addresses.sql executed
2021-09-13 16:58:41,225 INFO l.l.c.JavaLogger [main] ChangeSet database/R2/dml.xml::add_addresses::mnilga ran successfully in 416ms
2021-09-13 16:58:41,579 INFO l.l.c.JavaLogger [main] SQL in file database/R2/generatedData/users.sql executed
2021-09-13 16:58:41,582 INFO l.l.c.JavaLogger [main] ChangeSet database/R2/dml.xml::add_users::mnilga ran successfully in 353ms
2021-09-13 16:58:41,589 INFO l.l.c.JavaLogger [main] SQL in file database/R2/generatedData/countries.sql executed
2021-09-13 16:58:41,590 INFO l.l.c.JavaLogger [main] ChangeSet database/R2/dml.xml::add_countries::mnilga ran successfully in 5ms
2021-09-13 16:58:41,619 INFO l.l.c.JavaLogger [main] SQL in file database/R2/generatedData/cities.sql executed
2021-09-13 16:58:41,620 INFO l.l.c.JavaLogger [main] ChangeSet database/R2/dml.xml::add_cities::mnilga ran successfully in 28ms
2021-09-13 16:58:41,638 INFO l.l.c.JavaLogger [main] SQL in file database/R2/generatedData/hotels.sql executed
2021-09-13 16:58:41,639 INFO l.l.c.JavaLogger [main] ChangeSet database/R2/dml.xml::add_hotels::mnilga ran successfully in 15ms
2021-09-13 16:58:41,931 INFO l.l.c.JavaLogger [main] SQL in file database/R2/generatedData/rooms.sql executed
2021-09-13 16:58:41,937 INFO l.l.c.JavaLogger [main] ChangeSet database/R2/dml.xml::add_rooms::mnilga ran successfully in 296ms
2021-09-13 16:58:42,215 INFO l.l.c.JavaLogger [main] SQL in file database/R2/generatedData/orders.sql executed
2021-09-13 16:58:42,219 INFO l.l.c.JavaLogger [main] ChangeSet database/R2/dml.xml::add_orders::mnilga ran successfully in 279ms
